D:\OPENCV\HOGDEMO\HOGDEMO\DEBUG\HOGDEMO.OBJ
D:\OPENCV\HOGDEMO\HOGDEMO\DEBUG\VC110.PDB
D:\OPENCV\HOGDEMO\DEBUG\HOGDEMO.ILK
D:\OPENCV\HOGDEMO\DEBUG\HOGDEMO.EXE
D:\OPENCV\HOGDEMO\DEBUG\HOGDEMO.PDB
D:\OpenCV\HogDemo\HogDemo\Debug\HogDemo.obj
D:\OpenCV\HogDemo\HogDemo\Debug\cl.command.1.tlog
D:\OpenCV\HogDemo\HogDemo\Debug\CL.read.1.tlog
D:\OpenCV\HogDemo\HogDemo\Debug\CL.write.1.tlog
D:\OpenCV\HogDemo\HogDemo\Debug\link-cvtres.read.1.tlog
D:\OpenCV\HogDemo\HogDemo\Debug\link-cvtres.write.1.tlog
D:\OpenCV\HogDemo\HogDemo\Debug\link-rc.read.1.tlog
D:\OpenCV\HogDemo\HogDemo\Debug\link-rc.write.1.tlog
D:\OpenCV\HogDemo\HogDemo\Debug\link.command.1.tlog
D:\OpenCV\HogDemo\HogDemo\Debug\link.read.1.tlog
D:\OpenCV\HogDemo\HogDemo\Debug\link.write.1.tlog
D:\OpenCV\HogDemo\HogDemo\Debug\vc110.idb
D:\OpenCV\HogDemo\HogDemo\Debug\vc110.pdb
D:\OpenCV\HogDemo\Debug\HogDemo.pdb
D:\OpenCV\HogDemo\Debug\HogDemo.exe
D:\OpenCV\HogDemo\Debug\HogDemo.ilk
